app/build/intermediates/manifest_merge_blame_file/debug/manifest-merger-blame-debug-report.txt
1<?xml version="1.0" encoding="utf-8"?>
2<manifest xmlns:android="http://schemas.android.com/apk/res/android"
3    package="br.com.flavio.geradordeapertos"
4    android:versionCode="1"
5    android:versionName="1.0" >
6
7    <uses-sdk
8        android:minSdkVersion="27"
8-->src\main\AndroidManifest.xml
9        android:targetSdkVersion="29" />
9-->src\main\AndroidManifest.xml
10
11    <uses-permission android:name="android.permission.CAMERA" />
11-->src\main\AndroidManifest.xml:5:5-65
11-->src\main\AndroidManifest.xml:5:22-62
12
13    <application
13-->src\main\AndroidManifest.xml:7:5-34:19
14        android:allowBackup="true"
14-->src\main\AndroidManifest.xml:8:9-35
15        android:appComponentFactory="androidx.core.app.CoreComponentFactory"
15-->[androidx.core:core:1.1.0] AndroidManifest.xml:24:18-86
16        android:debuggable="true"
17        android:extractNativeLibs="false"
18        android:icon="@mipmap/ic_launcher"
18-->src\main\AndroidManifest.xml:9:9-43
19        android:label="@string/app_name"
19-->src\main\AndroidManifest.xml:10:9-41
20        android:roundIcon="@mipmap/ic_launcher_round"
20-->src\main\AndroidManifest.xml:11:9-54
21        android:supportsRtl="true"
21-->src\main\AndroidManifest.xml:12:9-35
22        android:testOnly="true"
23        android:theme="@style/Theme.AppCompat.Light.NoActionBar" >
23-->src\main\AndroidManifest.xml:13:9-65
24        <activity android:name="br.com.flavio.geradordeapertos.CadastroPrograma" >
24-->src\main\AndroidManifest.xml:14:9-20:20
24-->src\main\AndroidManifest.xml:14:19-51
25            <intent-filter>
25-->src\main\AndroidManifest.xml:15:13-19:29
26                <action android:name="android.intent.action.MAIN" />
26-->src\main\AndroidManifest.xml:16:17-69
26-->src\main\AndroidManifest.xml:16:25-66
27
28                <category android:name="android.intent.category.LAUNCHER" />
28-->src\main\AndroidManifest.xml:18:17-77
28-->src\main\AndroidManifest.xml:18:27-74
29            </intent-filter>
30        </activity>
31        <activity android:name="br.com.flavio.geradordeapertos.CadastroMotivo" />
31-->src\main\AndroidManifest.xml:21:9-61
31-->src\main\AndroidManifest.xml:21:19-49
32        <activity android:name="br.com.flavio.geradordeapertos.CadastroProcesso" >
32-->src\main\AndroidManifest.xml:22:9-24:20
32-->src\main\AndroidManifest.xml:22:19-51
33        </activity>
34        <activity android:name="br.com.flavio.geradordeapertos.Cadastro" />
34-->src\main\AndroidManifest.xml:25:9-46
34-->src\main\AndroidManifest.xml:25:19-43
35        <activity android:name="br.com.flavio.geradordeapertos.FormularioProgramaLote" />
35-->src\main\AndroidManifest.xml:26:9-60
35-->src\main\AndroidManifest.xml:26:19-57
36        <activity android:name="br.com.flavio.geradordeapertos.Leitura" />
36-->src\main\AndroidManifest.xml:27:9-45
36-->src\main\AndroidManifest.xml:27:19-42
37        <activity android:name="br.com.flavio.geradordeapertos.Sobre" />
37-->src\main\AndroidManifest.xml:28:9-43
37-->src\main\AndroidManifest.xml:28:19-40
38        <activity android:name="br.com.flavio.geradordeapertos.Configuracoes" />
38-->src\main\AndroidManifest.xml:29:9-51
38-->src\main\AndroidManifest.xml:29:19-48
39        <activity android:name="br.com.flavio.geradordeapertos.Historico" />
39-->src\main\AndroidManifest.xml:30:9-47
39-->src\main\AndroidManifest.xml:30:19-44
40        <activity android:name="br.com.flavio.geradordeapertos.Registro" />
40-->src\main\AndroidManifest.xml:31:9-46
40-->src\main\AndroidManifest.xml:31:19-43
41        <activity android:name="br.com.flavio.geradordeapertos.FormularioProgramaIndividual" />
41-->src\main\AndroidManifest.xml:32:9-66
41-->src\main\AndroidManifest.xml:32:19-63
42        <activity android:name="br.com.flavio.geradordeapertos.MainActivity" />
42-->src\main\AndroidManifest.xml:33:9-50
42-->src\main\AndroidManifest.xml:33:19-47
43        <activity
43-->[com.google.android.gms:play-services-base:17.0.0] AndroidManifest.xml:23:9-26:75
44            android:name="com.google.android.gms.common.api.GoogleApiActivity"
44-->[com.google.android.gms:play-services-base:17.0.0] AndroidManifest.xml:24:13-79
45            android:exported="false"
45-->[com.google.android.gms:play-services-base:17.0.0] AndroidManifest.xml:25:13-37
46            android:theme="@android:style/Theme.Translucent.NoTitleBar" />
46-->[com.google.android.gms:play-services-base:17.0.0] AndroidManifest.xml:26:13-72
47
48        <meta-data
48-->[com.google.android.gms:play-services-basement:17.0.0] AndroidManifest.xml:23:9-25:69
49            android:name="com.google.android.gms.version"
49-->[com.google.android.gms:play-services-basement:17.0.0] AndroidManifest.xml:24:13-58
50            android:value="@integer/google_play_services_version" />
50-->[com.google.android.gms:play-services-basement:17.0.0] AndroidManifest.xml:25:13-66
51    </application>
52
53</manifest>